Using pre-set license
Built from '2020.3/release' branch; Version is '2020.3.1f1 (77a89f25062f) revision 7841951'; Using compiler version '192528614'; Build Type 'Release'
OS: 'Windows 10 Pro; OS build 19043.1706; Version 2009; 64bit' Language: 'en' Physical Memory: 16348 MB
BatchMode: 1, IsHumanControllingUs: 0, StartBugReporterOnCrash: 0, Is64bit: 1, IsPro: 0

 COMMAND LINE ARGUMENTS:
C:\Program Files\Unity\Hub\Editor\2020.3.1f1\Editor\Unity.exe
-adb2
-batchMode
-noUpm
-name
AssetImportWorker0
-projectPath
D:/Users/Joao/Desktop/Object-Selection-in-DeskVR/Object Selection DeskVR
-logFile
Logs/AssetImportWorker0.log
-srvPort
55190
Successfully changed project path to: D:/Users/Joao/Desktop/Object-Selection-in-DeskVR/Object Selection DeskVR
D:/Users/Joao/Desktop/Object-Selection-in-DeskVR/Object Selection DeskVR
Using Asset Import Pipeline V2.
Refreshing native plugins compatible for Editor in 78.88 ms, found 10 plugins.
Preloading 1 native plugins for Editor in 1.56 ms.
Initialize engine version: 2020.3.1f1 (77a89f25062f)
[Subsystems] Discovering subsystems at path C:/Program Files/Unity/Hub/Editor/2020.3.1f1/Editor/Data/Resources/UnitySubsystems
[Subsystems] Discovering subsystems at path D:/Users/Joao/Desktop/Object-Selection-in-DeskVR/Object Selection DeskVR/Assets
GfxDevice: creating device client; threaded=0
Direct3D:
    Version:  Direct3D 11.0 [level 11.1]
    Renderer: NVIDIA GeForce GTX 1070 (ID=0x1b81)
    Vendor:   
    VRAM:     8088 MB
    Driver:   26.21.14.4575
Initialize mono
Mono path[0] = 'C:/Program Files/Unity/Hub/Editor/2020.3.1f1/Editor/Data/Managed'
Mono path[1] = 'C:/Program Files/Unity/Hub/Editor/2020.3.1f1/Editor/Data/MonoBleedingEdge/lib/mono/unityjit'
Mono config path = 'C:/Program Files/Unity/Hub/Editor/2020.3.1f1/Editor/Data/MonoBleedingEdge/etc'
Using monoOptions --debugger-agent=transport=dt_socket,embedding=1,server=y,suspend=n,address=127.0.0.1:56956
Begin MonoManager ReloadAssembly
Registering precompiled unity dll's ...
Register platform support module: C:/Program Files/Unity/Hub/Editor/2020.3.1f1/Editor/Data/PlaybackEngines/WebGLSupport/UnityEditor.WebGL.Extensions.dll
Register platform support module: C:/Program Files/Unity/Hub/Editor/2020.3.1f1/Editor/Data/PlaybackEngines/WindowsStandaloneSupport/UnityEditor.WindowsStandalone.Extensions.dll
Registered in 0.002055 seconds.
Native extension for WindowsStandalone target not found
Native extension for WebGL target not found
Refreshing native plugins compatible for Editor in 45.86 ms, found 10 plugins.
Preloading 1 native plugins for Editor in 0.15 ms.
Invoked RoslynAnalysisRunner static constructor.
RoslynAnalysisRunner will not be running.
RoslynAnalysisRunner has terminated.
Mono: successfully reloaded assembly
- Completed reload, in  1.189 seconds
Platform modules already initialized, skipping
Registering precompiled user dll's ...
Registered in 0.021439 seconds.
Begin MonoManager ReloadAssembly
Native extension for WindowsStandalone target not found
Native extension for WebGL target not found
Refreshing native plugins compatible for Editor in 45.01 ms, found 10 plugins.
Preloading 1 native plugins for Editor in 0.14 ms.
Invoked RoslynAnalysisRunner static constructor.
RoslynAnalysisRunner will not be running.
RoslynAnalysisRunner has terminated.
[XR] OculusXRPlugin: registering subsystems
[XR] Unable to register display lifecyle provider: [1]
[XR] Oculus Input lifecycle provider registered.
[XR] Unable to register input lifecyle provider: [1]
NullReferenceException: Object reference not set to an instance of an object
  at Unity.XR.Oculus.OculusLoader.AssetPathToAbsolutePath (System.String assetPath) [0x00048] in D:\Users\Joao\Desktop\Object-Selection-in-DeskVR\Object Selection DeskVR\Library\PackageCache\com.unity.xr.oculus@1.11.2\Runtime\OculusLoader.cs:250 
  at Unity.XR.Oculus.OculusLoader.EditorLoadOVRPlugin () [0x0007b] in D:\Users\Joao\Desktop\Object-Selection-in-DeskVR\Object Selection DeskVR\Library\PackageCache\com.unity.xr.oculus@1.11.2\Runtime\OculusLoader.cs:235 

(Filename: Library/PackageCache/com.unity.xr.oculus@1.11.2/Runtime/OculusLoader.cs Line: 250)

Mono: successfully reloaded assembly
- Completed reload, in  1.194 seconds
Platform modules already initialized, skipping
========================================================================
Worker process is ready to serve import requests
Launched and connected shader compiler UnityShaderCompiler.exe after 0.06 seconds
Refreshing native plugins compatible for Editor in 1.17 ms, found 10 plugins.
Preloading 1 native plugins for Editor in 0.24 ms.
Unloading 2341 Unused Serialized files (Serialized files now loaded: 0)
System memory in use before: 97.7 MB.
System memory in use after: 97.9 MB.

Unloading 41 unused Assets to reduce memory usage. Loaded Objects now: 2792.
Total: 2.219300 ms (FindLiveObjects: 0.275200 ms CreateObjectMapping: 0.129500 ms MarkObjects: 1.748400 ms  DeleteObjects: 0.065000 ms)

========================================================================
Received Import Request.
  path: Assets/Scenes/Aggregate.unity
  artifactKey: Guid(4c130fde2ebb69445858cb0c06279784) Importer(815301076,1909f56bfc062723c751e8b465ee728b)
Start importing Assets/Scenes/Aggregate.unity using Guid(4c130fde2ebb69445858cb0c06279784) Importer(815301076,1909f56bfc062723c751e8b465ee728b)  -> (artifact id: '9884b09a2a87a0ec3fd1390b7a5829a8') in 0.093413 seconds
  Import took 0.666284 seconds .

========================================================================
Received Prepare
Registering precompiled user dll's ...
Registered in 0.022685 seconds.
Begin MonoManager ReloadAssembly
Native extension for WindowsStandalone target not found
Native extension for WebGL target not found
Refreshing native plugins compatible for Editor in 0.69 ms, found 10 plugins.
Preloading 1 native plugins for Editor in 0.20 ms.
Invoked RoslynAnalysisRunner static constructor.
RoslynAnalysisRunner will not be running.
RoslynAnalysisRunner has terminated.
NullReferenceException: Object reference not set to an instance of an object
  at Unity.XR.Oculus.OculusLoader.AssetPathToAbsolutePath (System.String assetPath) [0x00048] in D:\Users\Joao\Desktop\Object-Selection-in-DeskVR\Object Selection DeskVR\Library\PackageCache\com.unity.xr.oculus@1.11.2\Runtime\OculusLoader.cs:250 
  at Unity.XR.Oculus.OculusLoader.EditorLoadOVRPlugin () [0x0007b] in D:\Users\Joao\Desktop\Object-Selection-in-DeskVR\Object Selection DeskVR\Library\PackageCache\com.unity.xr.oculus@1.11.2\Runtime\OculusLoader.cs:235 

(Filename: Library/PackageCache/com.unity.xr.oculus@1.11.2/Runtime/OculusLoader.cs Line: 250)

Mono: successfully reloaded assembly
- Completed reload, in  1.129 seconds
Platform modules already initialized, skipping
Refreshing native plugins compatible for Editor in 0.74 ms, found 10 plugins.
Preloading 1 native plugins for Editor in 0.15 ms.
Unloading 2317 Unused Serialized files (Serialized files now loaded: 0)
System memory in use before: 97.3 MB.
System memory in use after: 97.6 MB.

Unloading 34 unused Assets to reduce memory usage. Loaded Objects now: 2795.
Total: 2.349600 ms (FindLiveObjects: 0.233200 ms CreateObjectMapping: 0.100100 ms MarkObjects: 1.966800 ms  DeleteObjects: 0.048500 ms)

========================================================================
Received Prepare
Registering precompiled user dll's ...
Registered in 0.031988 seconds.
Begin MonoManager ReloadAssembly
Native extension for WindowsStandalone target not found
Native extension for WebGL target not found
Refreshing native plugins compatible for Editor in 0.97 ms, found 10 plugins.
Preloading 1 native plugins for Editor in 0.21 ms.
Invoked RoslynAnalysisRunner static constructor.
RoslynAnalysisRunner will not be running.
RoslynAnalysisRunner has terminated.
NullReferenceException: Object reference not set to an instance of an object
  at Unity.XR.Oculus.OculusLoader.AssetPathToAbsolutePath (System.String assetPath) [0x00048] in D:\Users\Joao\Desktop\Object-Selection-in-DeskVR\Object Selection DeskVR\Library\PackageCache\com.unity.xr.oculus@1.11.2\Runtime\OculusLoader.cs:250 
  at Unity.XR.Oculus.OculusLoader.EditorLoadOVRPlugin () [0x0007b] in D:\Users\Joao\Desktop\Object-Selection-in-DeskVR\Object Selection DeskVR\Library\PackageCache\com.unity.xr.oculus@1.11.2\Runtime\OculusLoader.cs:235 

(Filename: Library/PackageCache/com.unity.xr.oculus@1.11.2/Runtime/OculusLoader.cs Line: 250)

Mono: successfully reloaded assembly
- Completed reload, in  1.179 seconds
Platform modules already initialized, skipping
Refreshing native plugins compatible for Editor in 0.69 ms, found 10 plugins.
Preloading 1 native plugins for Editor in 0.15 ms.
Unloading 2320 Unused Serialized files (Serialized files now loaded: 0)
System memory in use before: 97.7 MB.
System memory in use after: 97.9 MB.

Unloading 36 unused Assets to reduce memory usage. Loaded Objects now: 2799.
Total: 2.557100 ms (FindLiveObjects: 0.447100 ms CreateObjectMapping: 0.099700 ms MarkObjects: 1.900900 ms  DeleteObjects: 0.108000 ms)

========================================================================
Received Import Request.
  Time since last request: 1195.325866 seconds.
  path: Assets/1_Disperse.csv
  artifactKey: Guid(cc94e4db4e238ce44a3caf20fe134af3) Importer(815301076,1909f56bfc062723c751e8b465ee728b)
Start importing Assets/1_Disperse.csv using Guid(cc94e4db4e238ce44a3caf20fe134af3) Importer(815301076,1909f56bfc062723c751e8b465ee728b)  -> (artifact id: '663c51ddfe1772c19ae97bc78926b4da') in 0.045887 seconds
  Import took 0.123145 seconds .

========================================================================
Received Import Request.
  Time since last request: 11.145988 seconds.
  path: Assets/Scripts/ChangeMaterial.cs
  artifactKey: Guid(5648a18c7b418004e80550e1221453fd) Importer(815301076,1909f56bfc062723c751e8b465ee728b)
Start importing Assets/Scripts/ChangeMaterial.cs using Guid(5648a18c7b418004e80550e1221453fd) Importer(815301076,1909f56bfc062723c751e8b465ee728b)  -> (artifact id: '6053a28e96151f314d8f6e64c794c157') in 0.020027 seconds
  Import took 0.023335 seconds .

========================================================================
Received Prepare
Registering precompiled user dll's ...
Registered in 0.024079 seconds.
Begin MonoManager ReloadAssembly
Native extension for WindowsStandalone target not found
Native extension for WebGL target not found
Refreshing native plugins compatible for Editor in 0.71 ms, found 10 plugins.
Preloading 1 native plugins for Editor in 0.37 ms.
Invoked RoslynAnalysisRunner static constructor.
RoslynAnalysisRunner will not be running.
RoslynAnalysisRunner has terminated.
NullReferenceException: Object reference not set to an instance of an object
  at Unity.XR.Oculus.OculusLoader.AssetPathToAbsolutePath (System.String assetPath) [0x00048] in D:\Users\Joao\Desktop\Object-Selection-in-DeskVR\Object Selection DeskVR\Library\PackageCache\com.unity.xr.oculus@1.11.2\Runtime\OculusLoader.cs:250 
  at Unity.XR.Oculus.OculusLoader.EditorLoadOVRPlugin () [0x0007b] in D:\Users\Joao\Desktop\Object-Selection-in-DeskVR\Object Selection DeskVR\Library\PackageCache\com.unity.xr.oculus@1.11.2\Runtime\OculusLoader.cs:235 

(Filename: Library/PackageCache/com.unity.xr.oculus@1.11.2/Runtime/OculusLoader.cs Line: 250)

Mono: successfully reloaded assembly
- Completed reload, in  1.535 seconds
Platform modules already initialized, skipping
Refreshing native plugins compatible for Editor in 0.72 ms, found 10 plugins.
Preloading 1 native plugins for Editor in 0.20 ms.
Unloading 2320 Unused Serialized files (Serialized files now loaded: 0)
System memory in use before: 97.7 MB.
System memory in use after: 97.9 MB.

Unloading 36 unused Assets to reduce memory usage. Loaded Objects now: 2802.
Total: 2.535000 ms (FindLiveObjects: 0.436400 ms CreateObjectMapping: 0.162800 ms MarkObjects: 1.845300 ms  DeleteObjects: 0.089300 ms)

========================================================================
Received Prepare
Registering precompiled user dll's ...
Registered in 0.020744 seconds.
Begin MonoManager ReloadAssembly
Native extension for WindowsStandalone target not found
Native extension for WebGL target not found
Refreshing native plugins compatible for Editor in 0.71 ms, found 10 plugins.
Preloading 1 native plugins for Editor in 0.18 ms.
Invoked RoslynAnalysisRunner static constructor.
RoslynAnalysisRunner will not be running.
RoslynAnalysisRunner has terminated.
NullReferenceException: Object reference not set to an instance of an object
  at Unity.XR.Oculus.OculusLoader.AssetPathToAbsolutePath (System.String assetPath) [0x00048] in D:\Users\Joao\Desktop\Object-Selection-in-DeskVR\Object Selection DeskVR\Library\PackageCache\com.unity.xr.oculus@1.11.2\Runtime\OculusLoader.cs:250 
  at Unity.XR.Oculus.OculusLoader.EditorLoadOVRPlugin () [0x0007b] in D:\Users\Joao\Desktop\Object-Selection-in-DeskVR\Object Selection DeskVR\Library\PackageCache\com.unity.xr.oculus@1.11.2\Runtime\OculusLoader.cs:235 

(Filename: Library/PackageCache/com.unity.xr.oculus@1.11.2/Runtime/OculusLoader.cs Line: 250)

Mono: successfully reloaded assembly
- Completed reload, in  1.340 seconds
Platform modules already initialized, skipping
Refreshing native plugins compatible for Editor in 0.76 ms, found 10 plugins.
Preloading 1 native plugins for Editor in 0.18 ms.
Unloading 2320 Unused Serialized files (Serialized files now loaded: 0)
System memory in use before: 97.7 MB.
System memory in use after: 97.9 MB.

Unloading 36 unused Assets to reduce memory usage. Loaded Objects now: 2805.
Total: 2.381600 ms (FindLiveObjects: 0.229400 ms CreateObjectMapping: 0.107600 ms MarkObjects: 1.968200 ms  DeleteObjects: 0.075300 ms)

========================================================================
Received Prepare
Registering precompiled user dll's ...
Registered in 0.041470 seconds.
Begin MonoManager ReloadAssembly
Native extension for WindowsStandalone target not found
Native extension for WebGL target not found
Refreshing native plugins compatible for Editor in 0.68 ms, found 10 plugins.
Preloading 1 native plugins for Editor in 0.18 ms.
Invoked RoslynAnalysisRunner static constructor.
RoslynAnalysisRunner will not be running.
RoslynAnalysisRunner has terminated.
NullReferenceException: Object reference not set to an instance of an object
  at Unity.XR.Oculus.OculusLoader.AssetPathToAbsolutePath (System.String assetPath) [0x00048] in D:\Users\Joao\Desktop\Object-Selection-in-DeskVR\Object Selection DeskVR\Library\PackageCache\com.unity.xr.oculus@1.11.2\Runtime\OculusLoader.cs:250 
  at Unity.XR.Oculus.OculusLoader.EditorLoadOVRPlugin () [0x0007b] in D:\Users\Joao\Desktop\Object-Selection-in-DeskVR\Object Selection DeskVR\Library\PackageCache\com.unity.xr.oculus@1.11.2\Runtime\OculusLoader.cs:235 

(Filename: Library/PackageCache/com.unity.xr.oculus@1.11.2/Runtime/OculusLoader.cs Line: 250)

Mono: successfully reloaded assembly
- Completed reload, in  1.429 seconds
Platform modules already initialized, skipping
Refreshing native plugins compatible for Editor in 0.80 ms, found 10 plugins.
Preloading 1 native plugins for Editor in 0.20 ms.
Unloading 2320 Unused Serialized files (Serialized files now loaded: 0)
System memory in use before: 97.7 MB.
System memory in use after: 97.8 MB.

Unloading 36 unused Assets to reduce memory usage. Loaded Objects now: 2808.
Total: 2.959700 ms (FindLiveObjects: 0.360300 ms CreateObjectMapping: 0.145700 ms MarkObjects: 2.372200 ms  DeleteObjects: 0.080400 ms)

========================================================================
Received Prepare
Registering precompiled user dll's ...
Registered in 0.020598 seconds.
Begin MonoManager ReloadAssembly
Native extension for WindowsStandalone target not found
Native extension for WebGL target not found
Refreshing native plugins compatible for Editor in 0.72 ms, found 10 plugins.
Preloading 1 native plugins for Editor in 0.20 ms.
Invoked RoslynAnalysisRunner static constructor.
RoslynAnalysisRunner will not be running.
RoslynAnalysisRunner has terminated.
NullReferenceException: Object reference not set to an instance of an object
  at Unity.XR.Oculus.OculusLoader.AssetPathToAbsolutePath (System.String assetPath) [0x00048] in D:\Users\Joao\Desktop\Object-Selection-in-DeskVR\Object Selection DeskVR\Library\PackageCache\com.unity.xr.oculus@1.11.2\Runtime\OculusLoader.cs:250 
  at Unity.XR.Oculus.OculusLoader.EditorLoadOVRPlugin () [0x0007b] in D:\Users\Joao\Desktop\Object-Selection-in-DeskVR\Object Selection DeskVR\Library\PackageCache\com.unity.xr.oculus@1.11.2\Runtime\OculusLoader.cs:235 

(Filename: Library/PackageCache/com.unity.xr.oculus@1.11.2/Runtime/OculusLoader.cs Line: 250)

Mono: successfully reloaded assembly
- Completed reload, in  1.358 seconds
Platform modules already initialized, skipping
Refreshing native plugins compatible for Editor in 0.70 ms, found 10 plugins.
Preloading 1 native plugins for Editor in 0.15 ms.
Unloading 2320 Unused Serialized files (Serialized files now loaded: 0)
System memory in use before: 97.8 MB.
System memory in use after: 97.9 MB.

Unloading 36 unused Assets to reduce memory usage. Loaded Objects now: 2811.
Total: 2.475600 ms (FindLiveObjects: 0.256500 ms CreateObjectMapping: 0.108600 ms MarkObjects: 2.030900 ms  DeleteObjects: 0.078800 ms)

========================================================================
Received Import Request.
  Time since last request: 347.888894 seconds.
  path: Assets/Scripts/MethodControls.cs
  artifactKey: Guid(ea7b708168eb53044b9d738c057f1587) Importer(815301076,1909f56bfc062723c751e8b465ee728b)
Start importing Assets/Scripts/MethodControls.cs using Guid(ea7b708168eb53044b9d738c057f1587) Importer(815301076,1909f56bfc062723c751e8b465ee728b)  -> (artifact id: '6cbdb9039cc7d65eecbaa836653566c9') in 0.005795 seconds
  Import took 0.009083 seconds .

========================================================================
Received Prepare
Registering precompiled user dll's ...
Registered in 0.021147 seconds.
Begin MonoManager ReloadAssembly
Native extension for WindowsStandalone target not found
Native extension for WebGL target not found
Refreshing native plugins compatible for Editor in 0.68 ms, found 10 plugins.
Preloading 1 native plugins for Editor in 0.17 ms.
Invoked RoslynAnalysisRunner static constructor.
RoslynAnalysisRunner will not be running.
RoslynAnalysisRunner has terminated.
NullReferenceException: Object reference not set to an instance of an object
  at Unity.XR.Oculus.OculusLoader.AssetPathToAbsolutePath (System.String assetPath) [0x00048] in D:\Users\Joao\Desktop\Object-Selection-in-DeskVR\Object Selection DeskVR\Library\PackageCache\com.unity.xr.oculus@1.11.2\Runtime\OculusLoader.cs:250 
  at Unity.XR.Oculus.OculusLoader.EditorLoadOVRPlugin () [0x0007b] in D:\Users\Joao\Desktop\Object-Selection-in-DeskVR\Object Selection DeskVR\Library\PackageCache\com.unity.xr.oculus@1.11.2\Runtime\OculusLoader.cs:235 

(Filename: Library/PackageCache/com.unity.xr.oculus@1.11.2/Runtime/OculusLoader.cs Line: 250)

Mono: successfully reloaded assembly
- Completed reload, in  1.075 seconds
Platform modules already initialized, skipping
Refreshing native plugins compatible for Editor in 0.82 ms, found 10 plugins.
Preloading 1 native plugins for Editor in 0.18 ms.
Unloading 2320 Unused Serialized files (Serialized files now loaded: 0)
System memory in use before: 97.8 MB.
System memory in use after: 98.0 MB.

Unloading 36 unused Assets to reduce memory usage. Loaded Objects now: 2814.
Total: 2.474700 ms (FindLiveObjects: 0.315800 ms CreateObjectMapping: 0.151400 ms MarkObjects: 1.934200 ms  DeleteObjects: 0.072400 ms)

========================================================================
Received Prepare
Registering precompiled user dll's ...
Registered in 0.021421 seconds.
Begin MonoManager ReloadAssembly
Native extension for WindowsStandalone target not found
Native extension for WebGL target not found
Refreshing native plugins compatible for Editor in 0.80 ms, found 10 plugins.
Preloading 1 native plugins for Editor in 0.20 ms.
Invoked RoslynAnalysisRunner static constructor.
RoslynAnalysisRunner will not be running.
RoslynAnalysisRunner has terminated.
NullReferenceException: Object reference not set to an instance of an object
  at Unity.XR.Oculus.OculusLoader.AssetPathToAbsolutePath (System.String assetPath) [0x00048] in D:\Users\Joao\Desktop\Object-Selection-in-DeskVR\Object Selection DeskVR\Library\PackageCache\com.unity.xr.oculus@1.11.2\Runtime\OculusLoader.cs:250 
  at Unity.XR.Oculus.OculusLoader.EditorLoadOVRPlugin () [0x0007b] in D:\Users\Joao\Desktop\Object-Selection-in-DeskVR\Object Selection DeskVR\Library\PackageCache\com.unity.xr.oculus@1.11.2\Runtime\OculusLoader.cs:235 

(Filename: Library/PackageCache/com.unity.xr.oculus@1.11.2/Runtime/OculusLoader.cs Line: 250)

Mono: successfully reloaded assembly
- Completed reload, in  1.119 seconds
Platform modules already initialized, skipping
Refreshing native plugins compatible for Editor in 0.73 ms, found 10 plugins.
Preloading 1 native plugins for Editor in 0.16 ms.
Unloading 2320 Unused Serialized files (Serialized files now loaded: 0)
System memory in use before: 97.8 MB.
System memory in use after: 98.0 MB.

Unloading 36 unused Assets to reduce memory usage. Loaded Objects now: 2817.
Total: 3.322300 ms (FindLiveObjects: 0.348100 ms CreateObjectMapping: 0.146000 ms MarkObjects: 2.755300 ms  DeleteObjects: 0.071600 ms)

========================================================================
Received Prepare
Registering precompiled user dll's ...
Registered in 0.020969 seconds.
Begin MonoManager ReloadAssembly
Native extension for WindowsStandalone target not found
Native extension for WebGL target not found
Refreshing native plugins compatible for Editor in 0.69 ms, found 10 plugins.
Preloading 1 native plugins for Editor in 0.20 ms.
Invoked RoslynAnalysisRunner static constructor.
RoslynAnalysisRunner will not be running.
RoslynAnalysisRunner has terminated.
NullReferenceException: Object reference not set to an instance of an object
  at Unity.XR.Oculus.OculusLoader.AssetPathToAbsolutePath (System.String assetPath) [0x00048] in D:\Users\Joao\Desktop\Object-Selection-in-DeskVR\Object Selection DeskVR\Library\PackageCache\com.unity.xr.oculus@1.11.2\Runtime\OculusLoader.cs:250 
  at Unity.XR.Oculus.OculusLoader.EditorLoadOVRPlugin () [0x0007b] in D:\Users\Joao\Desktop\Object-Selection-in-DeskVR\Object Selection DeskVR\Library\PackageCache\com.unity.xr.oculus@1.11.2\Runtime\OculusLoader.cs:235 

(Filename: Library/PackageCache/com.unity.xr.oculus@1.11.2/Runtime/OculusLoader.cs Line: 250)

Mono: successfully reloaded assembly
- Completed reload, in  1.396 seconds
Platform modules already initialized, skipping
Refreshing native plugins compatible for Editor in 0.69 ms, found 10 plugins.
Preloading 1 native plugins for Editor in 0.23 ms.
Unloading 2320 Unused Serialized files (Serialized files now loaded: 0)
System memory in use before: 97.8 MB.
System memory in use after: 98.0 MB.

Unloading 36 unused Assets to reduce memory usage. Loaded Objects now: 2820.
Total: 2.607400 ms (FindLiveObjects: 0.357600 ms CreateObjectMapping: 0.128400 ms MarkObjects: 2.036200 ms  DeleteObjects: 0.084300 ms)

========================================================================
Received Import Request.
  Time since last request: 166.828757 seconds.
  path: Assets/Scenes/Disperse.unity
  artifactKey: Guid(16c2a4aa1e33d0048816c866f12aae08) Importer(815301076,1909f56bfc062723c751e8b465ee728b)
Start importing Assets/Scenes/Disperse.unity using Guid(16c2a4aa1e33d0048816c866f12aae08) Importer(815301076,1909f56bfc062723c751e8b465ee728b)  -> (artifact id: '701d945949808d3f930d0e2e04989224') in 0.014081 seconds
  Import took 0.017906 seconds .

========================================================================
Received Prepare
Registering precompiled user dll's ...
Registered in 0.022428 seconds.
Begin MonoManager ReloadAssembly
Native extension for WindowsStandalone target not found
Native extension for WebGL target not found
Refreshing native plugins compatible for Editor in 0.94 ms, found 10 plugins.
Preloading 1 native plugins for Editor in 0.38 ms.
Invoked RoslynAnalysisRunner static constructor.
RoslynAnalysisRunner will not be running.
RoslynAnalysisRunner has terminated.
NullReferenceException: Object reference not set to an instance of an object
  at Unity.XR.Oculus.OculusLoader.AssetPathToAbsolutePath (System.String assetPath) [0x00048] in D:\Users\Joao\Desktop\Object-Selection-in-DeskVR\Object Selection DeskVR\Library\PackageCache\com.unity.xr.oculus@1.11.2\Runtime\OculusLoader.cs:250 
  at Unity.XR.Oculus.OculusLoader.EditorLoadOVRPlugin () [0x0007b] in D:\Users\Joao\Desktop\Object-Selection-in-DeskVR\Object Selection DeskVR\Library\PackageCache\com.unity.xr.oculus@1.11.2\Runtime\OculusLoader.cs:235 

(Filename: Library/PackageCache/com.unity.xr.oculus@1.11.2/Runtime/OculusLoader.cs Line: 250)

Mono: successfully reloaded assembly
- Completed reload, in  1.427 seconds
Platform modules already initialized, skipping
Refreshing native plugins compatible for Editor in 0.71 ms, found 10 plugins.
Preloading 1 native plugins for Editor in 0.16 ms.
Unloading 2320 Unused Serialized files (Serialized files now loaded: 0)
System memory in use before: 97.7 MB.
System memory in use after: 97.9 MB.

Unloading 36 unused Assets to reduce memory usage. Loaded Objects now: 2823.
Total: 2.788600 ms (FindLiveObjects: 0.612500 ms CreateObjectMapping: 0.148100 ms MarkObjects: 1.908200 ms  DeleteObjects: 0.104600 ms)

AssetImportWorkerClient::OnTransportError - code=2 error=End of file
